[2025-04-25T17:41:53.173Z] ERROR: Something went wrong: User not found with this email.
[2025-04-25 23:53:16] ERROR: Something went wrong: User not found with this email.
[2025-04-25 23:53:52] ERROR: Something went wrong: User not found with this email.
[2025-04-25 23:55:32] ERROR: Something went wrong: User not found with this email.
[2025-04-26 00:13:05] ERROR: Something went wrong: User not found with this email.
[2025-04-26 00:13:42] ERROR: Something went wrong: User not found with this email.
[2025-04-26 00:13:42] INFO: ::1 - - [25/Apr/2025:18:13:42 +0000] "POST /api/users/login HTTP/1.1" 400 61 "-" "PostmanRuntime/7.43.3"
[2025-04-26 00:25:44] ERROR: Something went wrong: User not found with this email.
[2025-04-26 00:25:44] ERROR: [POST] /api/users/login - User not found with this email.
[2025-04-26 00:25:44] INFO: ::1 - - [25/Apr/2025:18:25:44 +0000] "POST /api/users/login HTTP/1.1" 500 63 "-" "PostmanRuntime/7.43.3"
[2025-04-26 00:48:59] ERROR: Something went wrong: Error: User not found with this email.
[2025-04-26 00:48:59] ERROR: [POST] /api/users/login - User not found with this email.
[2025-04-26 00:48:59] INFO: ::1 - - [25/Apr/2025:18:48:59 +0000] "POST /api/users/login HTTP/1.1" 404 63 "-" "PostmanRuntime/7.43.3"
[2025-04-26 00:49:31] INFO: ::1 - - [25/Apr/2025:18:49:31 +0000] "POST /api/users/login HTTP/1.1" 200 30 "-" "PostmanRuntime/7.43.3"
[2025-04-26 00:49:38] INFO: ::1 - - [25/Apr/2025:18:49:38 +0000] "GET /api/users/profile HTTP/1.1" 200 381 "-" "PostmanRuntime/7.43.3"
[2025-04-26 00:49:42] INFO: ::1 - - [25/Apr/2025:18:49:42 +0000] "POST /api/users/logout HTTP/1.1" 200 56 "-" "PostmanRuntime/7.43.3"
[2025-04-26 00:49:45] INFO: ::1 - - [25/Apr/2025:18:49:45 +0000] "GET /api/users/profile HTTP/1.1" 401 64 "-" "PostmanRuntime/7.43.3"
[2025-04-26 00:49:54] INFO: ::1 - - [25/Apr/2025:18:49:54 +0000] "POST /api/users/login HTTP/1.1" 200 30 "-" "PostmanRuntime/7.43.3"
[2025-04-26 00:50:27] INFO: ::1 - - [25/Apr/2025:18:50:27 +0000] "POST /api/users/register HTTP/1.1" 201 85 "-" "PostmanRuntime/7.43.3"
[2025-04-26 00:51:13] INFO: ::1 - - [25/Apr/2025:18:51:13 +0000] "POST /api/users/resend-verification HTTP/1.1" 200 66 "-" "PostmanRuntime/7.43.3"
[2025-04-26 00:51:35] INFO: ::1 - - [25/Apr/2025:18:51:35 +0000] "GET /api/users/verify-email?token=74d7b21772584a5b9c9b221155054d94d5eab5274f12a33a36ba9bb1af83a3a2 HTTP/1.1" 200 75 "-" "PostmanRuntime/7.43.3"
[2025-04-26 00:52:17] INFO: ::1 - - [25/Apr/2025:18:52:17 +0000] "POST /api/users/login HTTP/1.1" 200 30 "-" "PostmanRuntime/7.43.3"
[2025-04-26 00:52:23] INFO: ::1 - - [25/Apr/2025:18:52:23 +0000] "GET /api/users/profile HTTP/1.1" 200 216 "-" "PostmanRuntime/7.43.3"
[2025-04-26 00:52:48] INFO: ::1 - - [25/Apr/2025:18:52:48 +0000] "POST /api/users/forgot-password HTTP/1.1" 200 53 "-" "PostmanRuntime/7.43.3"
[2025-04-26 00:53:20] INFO: ::1 - - [25/Apr/2025:18:53:20 +0000] "POST /api/users/reset-password?token=6796ee91c3ee2b200b876d7238fc23c1bb7f01190decfc172cdda345e1c5203d HTTP/1.1" 200 51 "-" "PostmanRuntime/7.43.3"
[2025-04-26 00:53:30] ERROR: Something went wrong: Error: Incorrect password.
[2025-04-26 00:53:30] ERROR: [POST] /api/users/login - Incorrect password.
[2025-04-26 00:53:30] INFO: ::1 - - [25/Apr/2025:18:53:30 +0000] "POST /api/users/login HTTP/1.1" 401 51 "-" "PostmanRuntime/7.43.3"
[2025-04-26 00:53:38] INFO: ::1 - - [25/Apr/2025:18:53:38 +0000] "POST /api/users/login HTTP/1.1" 200 30 "-" "PostmanRuntime/7.43.3"
[2025-04-26 00:53:40] INFO: ::1 - - [25/Apr/2025:18:53:40 +0000] "GET /api/users/profile HTTP/1.1" 200 216 "-" "PostmanRuntime/7.43.3"
[2025-04-26 00:54:02] INFO: ::1 - - [25/Apr/2025:18:54:02 +0000] "POST /api/users/change-password HTTP/1.1" 200 44 "-" "PostmanRuntime/7.43.3"
[2025-04-26 00:54:11] INFO: ::1 - - [25/Apr/2025:18:54:11 +0000] "POST /api/users/change-password HTTP/1.1" 400 176 "-" "PostmanRuntime/7.43.3"
[2025-04-26 00:54:19] ERROR: [POST] /api/users/change-password - New password cannot be same as the old password.
[2025-04-26 00:54:19] INFO: ::1 - - [25/Apr/2025:18:54:19 +0000] "POST /api/users/change-password HTTP/1.1" 400 80 "-" "PostmanRuntime/7.43.3"
[2025-04-26 00:54:29] ERROR: [POST] /api/users/change-password - urrent password is incorrect.
[2025-04-26 00:54:29] INFO: ::1 - - [25/Apr/2025:18:54:29 +0000] "POST /api/users/change-password HTTP/1.1" 400 61 "-" "PostmanRuntime/7.43.3"
[2025-04-26 00:54:56] ERROR: [POST] /api/users/change-password - Current password is incorrect.
[2025-04-26 00:54:56] INFO: ::1 - - [25/Apr/2025:18:54:56 +0000] "POST /api/users/change-password HTTP/1.1" 400 62 "-" "PostmanRuntime/7.43.3"
[2025-04-26 00:55:03] ERROR: [POST] /api/users/change-password - New password cannot be same as the old password.
[2025-04-26 00:55:03] INFO: ::1 - - [25/Apr/2025:18:55:03 +0000] "POST /api/users/change-password HTTP/1.1" 400 80 "-" "PostmanRuntime/7.43.3"
[2025-04-26 00:55:15] ERROR: Something went wrong: Error: Incorrect password.
[2025-04-26 00:55:15] ERROR: [POST] /api/users/login - Incorrect password.
[2025-04-26 00:55:15] INFO: ::1 - - [25/Apr/2025:18:55:15 +0000] "POST /api/users/login HTTP/1.1" 401 51 "-" "PostmanRuntime/7.43.3"
[2025-04-26 00:55:23] INFO: ::1 - - [25/Apr/2025:18:55:23 +0000] "POST /api/users/login HTTP/1.1" 200 30 "-" "PostmanRuntime/7.43.3"
[2025-04-26 00:55:32] INFO: ::1 - - [25/Apr/2025:18:55:32 +0000] "GET /api/users/profile HTTP/1.1" 200 216 "-" "PostmanRuntime/7.43.3"
[2025-04-26 00:56:33] INFO: ::1 - - [25/Apr/2025:18:56:33 +0000] "PATCH /api/users/editProfile HTTP/1.1" 200 298 "-" "PostmanRuntime/7.43.3"
[2025-04-26 00:56:41] INFO: ::1 - - [25/Apr/2025:18:56:41 +0000] "GET /api/users/profile HTTP/1.1" 200 385 "-" "PostmanRuntime/7.43.3"
[2025-04-26 00:56:54] INFO: ::1 - - [25/Apr/2025:18:56:54 +0000] "POST /api/users/logout HTTP/1.1" 200 56 "-" "PostmanRuntime/7.43.3"
[2025-04-26 00:56:59] INFO: ::1 - - [25/Apr/2025:18:56:59 +0000] "GET /api/users/profile HTTP/1.1" 401 64 "-" "PostmanRuntime/7.43.3"
[2025-04-26 00:57:03] INFO: ::1 - - [25/Apr/2025:18:57:03 +0000] "POST /api/users/login HTTP/1.1" 200 30 "-" "PostmanRuntime/7.43.3"
[2025-04-26 00:57:07] INFO: ::1 - - [25/Apr/2025:18:57:07 +0000] "GET /api/users/profile HTTP/1.1" 200 385 "-" "PostmanRuntime/7.43.3"
[2025-04-26 00:57:13] INFO: ::1 - - [25/Apr/2025:18:57:13 +0000] "POST /api/users/logout HTTP/1.1" 200 56 "-" "PostmanRuntime/7.43.3"
